2016-04-30 22:13:16 - Dodana odpowiedź: 1  1   false

2016-04-30 22:13:16 - Dodane pytanie: ew
2016-04-30 22:13:17 - Dodano quiz: Moj pierszy Quiz
2016-04-30 22:49:53 - Dodana odpowiedź: sa  1   false

2016-04-30 22:49:53 - Dodane pytanie: Pierwsze
2016-04-30 22:49:53 - Dodano quiz: Moj pierszy Quiz
2016-04-30 22:51:29 - Dodana odpowiedź: wq  3   false

2016-04-30 22:51:29 - Dodane pytanie: baza
2016-04-30 22:51:29 - Dodano quiz: Moj pierszy Quiz
2016-04-30 22:52:07 - Dodana odpowiedź: ew  1   false

2016-04-30 22:52:07 - Dodane pytanie: wqwqwq
2016-04-30 22:52:07 - Dodano quiz: Moj pierszy Quiz
2016-04-30 22:54:56 - Dodana odpowiedź: 2  2   false

2016-04-30 22:54:56 - Dodane pytanie: wqe
2016-04-30 22:54:56 - Dodano quiz: Moj pierszy Quiz
2016-04-30 22:56:27 - Dodana odpowiedź: rrr  1   false

2016-04-30 22:56:27 - Dodane pytanie: rrrrr
2016-04-30 22:56:28 - Dodano quiz: Moj pierszy Quiz
2016-04-30 23:02:11 - Dodana odpowiedź: wqwq  1   false

2016-04-30 23:02:11 - Dodane pytanie: wqwqw
2016-04-30 23:02:11 - Dodano quiz: Moj pierszy Quiz
2016-04-30 23:07:09,242 - Dodana odpowiedź: ee  1   false

2016-04-30 23:07:09,255 - Dodane pytanie: eee
2016-04-30 23:07:09,484 - Dodano quiz: Moj pierszy Quiz
2016 - Dodana odpowiedź: 1  1   false

2016 - Dodane pytanie: sa
2016 - Dodano quiz: Moj pierszy Quiz
2016-04-30 23:11:47,296 - Dodana odpowiedź: ew  1   false

2016-04-30 23:11:47,310 - Dodane pytanie: wq
2016-04-30 23:11:47,671 - Dodano quiz: Moj pierszy Quiz
2016-04-30 23:14:06,930 - Dodana odpowiedź: vvv  1   false

2016-04-30 23:14:06,997 - Dodane pytanie: vvvvv
2016-04-30 23:14:07,147 - Dodano quiz: Moj pierszy Quiz
2016-04-30 23:15:33,039 - Dodana odpowiedź: re  1   false

2016-04-30 23:15:33,089 - Dodane pytanie: ewew
2016-04-30 23:15:33,407 - Dodano quiz: Moj pierszy Quiz
2016-04-30 23:18:33,801 - Dodana odpowiedź: 21  2   false

2016-04-30 23:18:33,843 - Dodane pytanie: ewew
2016-04-30 23:18:33,993 - Dodano quiz: Moj pierszy Quiz
2016-04-30 23:22:20,933 - Dodana odpowiedź: wq  1   false

2016-04-30 23:27:15,471 - Dodana odpowiedź: 1  1   false

2016-04-30 23:27:15,629 - Dodane pytanie: ew
2016-04-30 23:27:15,797 - Dodano quiz: Moj pierszy Quiz
2016-04-30 23:28:22,341 - Dodana odpowiedź: 54  2   false

2016-04-30 23:28:22,508 - Dodane pytanie: re
2016-04-30 23:28:22,683 - Dodano quiz: Moj pierszy Quiz
2016-04-30 23:42:17,662 - Dodana odpowiedź: kto sprawdza  3   false

2016-04-30 23:42:27,498 - Dodana odpowiedź: Czy sprawdza  1   false

2016-04-30 23:42:27,640 - Dodane pytanie: Sprawdzam
2016-04-30 23:42:27,842 - Dodano quiz: Moj pierszy Quiz
2016-04-30 23:50:39,933 - Dodana odpowiedź: sasa  2   false

2016-04-30 23:50:40,024 - Dodane pytanie: dddddddddddd
2016-04-30 23:50:40,108 - Rozpoczynam Quiz z bazy: Moj pierszy Quiz
2016-04-30 23:54:52,400 - Dodana odpowiedź: trtrt  1   false

2016-04-30 23:55:04,764 - Dodana odpowiedź: rerererereererer  2   false

2016-04-30 23:55:05,015 - Dodane pytanie: eweewewe
2016-04-30 23:55:05,115 - Rozpoczynam Quiz z bazy: Moj pierszy Quiz
2016-05-01 00:05:10,073 - Dodana odpowiedź: tresc  3   false

2016-05-01 00:05:19,511 - Dodana odpowiedź: ewwntualna  4   false

2016-05-01 00:05:19,787 - Dodane pytanie: mkkmkd
2016-05-01 00:05:20,021 - Rozpoczynam Quiz z bazy: Moj pierszy Quiz
2016-05-01 00:11:06,798 - Dodana odpowiedź: trtrtr  1   false

2016-05-01 00:11:06,914 - Dodane pytanie: jeju
2016-05-01 00:11:07,015 - Rozpoczynam Quiz z bazy: Moj pierszy Quiz
2016-05-01 00:14:33,839 - Dodana odpowiedź: rerer  1   false

2016-05-01 00:14:34,049 - Dodane pytanie: dsdss
2016-05-01 00:14:34,149 - Rozpoczynam Quiz z bazy: Moj pierszy Quiz
2016-05-01 10:03:59,431 - Dodana odpowiedź: sa  1   false

2016-05-01 10:03:59,706 - Dodane pytanie: dsdsds
2016-05-01 10:03:59,856 - Rozpoczynam Quiz z bazy: Moj pierszy Quiz
2016-05-01 10:10:14,595 - Dodana odpowiedź: trtrtrtrt  2   false

2016-05-01 10:10:19,812 - Dodana odpowiedź: trrtrtrt  3   false

2016-05-01 10:16:52,512 - Dodana odpowiedź: wqwq  1   false

2016-05-01 10:16:52,628 - Dodane pytanie: wqwqwq
2016-05-01 10:16:52,795 - Rozpoczynam Quiz z bazy: Moj pierszy Quiz
2016-05-01 10:17:35,241 - Rozpoczynam Quiz z pliku: Moj pierszy Quiz
2016-05-01 10:19:49,425 - Rozpoczynam Quiz z pliku: Moj pierszy Quiz
2016-05-01 10:27:00,470 - Dodana odpowiedź: lol  1   false

2016-05-01 10:27:00,662 - Dodane pytanie: lol
2016-05-01 10:27:00,787 - Rozpoczynam Quiz z bazy: Moj pierszy Quiz
2016-05-01 10:33:34,022 - Rozpoczynam Quiz z pliku: Moj pierszy Quiz
2016-05-01 10:38:04,183 - Dodana odpowiedź: ewew  1   false

2016-05-01 10:38:10,184 - Dodana odpowiedź: tyty  3   false

2016-05-01 10:38:10,444 - Dodane pytanie: ewew
2016-05-01 10:38:10,479 - Rozpoczynam Quiz z bazy: Moj pierszy Quiz
2016-05-01 10:42:54,993 - Dodana odpowiedź: 2  3   false

2016-05-01 10:42:55,119 - Dodane pytanie: pierwsze
2016-05-01 10:42:55,153 - Rozpoczynam Quiz z konsoli: Moj pierszy Quiz
2016-05-01 10:51:55,388 - Koniec twroenia Quiz z pliku: Moj pierszy Quiz
2016-05-01 10:54:54,132 - Koniec twroenia Quiz z pliku: Moj pierszy Quiz
2016-05-01 10:56:39,988 - Koniec twroenia Quiz z pliku: Moj pierszy Quiz
2016-05-01 11:01:36,573 - Dodana odpowiedź: 1
2016-05-01 11:01:36,766 - Dodane pytanie: 1
2016-05-01 11:01:36,800 - Koniec tworzenia Quizu z konsoli: Moj pierszy Quiz
2016-05-01 11:02:34,077 - Koniec tworzenia Quizu z pliku: Moj pierszy Quiz
2016-05-01 11:03:33,583 - Koniec tworzenia Quizu z pliku: Moj pierszy Quiz
2016-05-01 11:05:17,209 - Dodana odpowiedź: 3
2016-05-01 11:05:17,351 - Dodane pytanie: 1
2016-05-01 11:05:17,394 - Koniec tworzenia Quizu z konsoli: Moj pierszy Quiz
2016-05-01 21:50:28,390 - Koniec tworzenia Quizu z pliku: Moj pierszy Quiz
2016-05-01 21:51:16,530 - Koniec tworzenia Quizu z pliku: Moj pierszy Quiz
2016-05-01 21:51:55,389 - Koniec tworzenia Quizu z pliku: Moj pierszy Quiz
2016-05-01 21:53:29,303 - Koniec tworzenia Quizu z pliku: Moj pierszy Quiz
2016-05-01 21:53:50,526 - Koniec tworzenia Quizu z pliku: Moj pierszy Quiz
2016-05-01 21:55:16,647 - Koniec tworzenia Quizu z pliku: Moj pierszy Quiz
2016-05-01 21:57:06,752 - Koniec tworzenia Quizu z pliku: Moj pierszy Quiz
2016-05-01 21:59:17,774 - Koniec tworzenia Quizu z pliku: Moj pierszy Quiz
2016-05-01 22:00:41,165 - Koniec tworzenia Quizu z pliku: Moj pierszy Quiz
2016-05-01 22:00:48,441 - Koniec tworzenia Quizu z pliku: Moj pierszy Quiz
2016-05-01 22:02:33,225 - Koniec tworzenia Quizu z pliku: Moj pierszy Quiz
2016-05-01 22:04:47,333 - Koniec tworzenia Quizu z pliku: Moj pierszy Quiz
2016-05-01 22:05:22,690 - Koniec tworzenia Quizu z pliku: Moj pierszy Quiz
2016-05-01 22:05:22,999 - Koniec tworzenia Quizu z pliku: Moj pierszy Quiz
2016-05-01 22:11:01,380 - Koniec tworzenia Quizu z pliku: Moj pierszy Quiz
2016-05-01 22:11:01,658 - Koniec tworzenia Quizu z pliku: Moj pierszy Quiz
2016-05-01 22:17:52,152 - Koniec tworzenia Quizu z pliku: Moj pierszy Quiz
2016-05-01 22:17:52,413 - Koniec tworzenia Quizu z pliku: Moj pierszy Quiz
2016-05-01 22:26:12,954 - Koniec tworzenia Quizu z pliku: Moj pierszy Quiz
2016-05-01 22:26:13,233 - Koniec tworzenia Quizu z pliku: Moj pierszy Quiz
2016-05-01 22:26:13,403 - Koniec tworzenia Quizu z konsoli: Moj pierszy Quiz
2016-05-01 22:30:34,889 - Koniec tworzenia Quizu z konsoli: Moj pierszy Quiz
2016-05-01 22:32:32,551 - Koniec tworzenia Quizu z konsoli: Moj pierszy Quiz
2016-05-01 22:33:17,326 - Koniec tworzenia Quizu z konsoli: Moj pierszy Quiz
2016-05-01 22:34:24,034 - Koniec tworzenia Quizu z konsoli: Moj pierszy Quiz
2016-05-01 22:35:28,447 - Koniec tworzenia Quizu z konsoli: Moj pierszy Quiz
2016-05-01 22:36:07,867 - Koniec tworzenia Quizu z konsoli: Moj pierszy Quiz
2016-05-01 22:36:54,933 - Koniec tworzenia Quizu z konsoli: Moj pierszy Quiz
2016-05-01 22:37:31,777 - Koniec tworzenia Quizu z konsoli: Moj pierszy Quiz
2016-05-01 22:39:39,270 - Koniec tworzenia Quizu z konsoli: Moj pierszy Quiz
2016-05-01 22:41:45,176 - Koniec tworzenia Quizu z konsoli: Moj pierszy Quiz
2016-05-01 22:42:12,173 - Koniec tworzenia Quizu z konsoli: Moj pierszy Quiz
2016-05-01 22:42:57,654 - Koniec tworzenia Quizu z konsoli: Moj pierszy Quiz
2016-05-01 22:43:30,870 - Koniec tworzenia Quizu z konsoli: Moj pierwszy Quiz
2016-05-01 22:43:49,149 - Koniec tworzenia Quizu z konsoli: Moj pierszy Quiz
2016-05-01 22:44:15,081 - Koniec tworzenia Quizu z konsoli: Moj pierwszy Quiz
2016-05-01 22:45:06,702 - Koniec tworzenia Quizu z konsoli: Moj pierwszy Quiz
2016-05-01 22:45:37,183 - Koniec tworzenia Quizu z konsoli: Moj pierwszy Quiz
2016-05-01 22:46:26,908 - Koniec tworzenia Quizu z konsoli: Moj pierwszy Quiz
2016-05-01 22:46:49,618 - Koniec tworzenia Quizu z konsoli: Moj pierwszy Quiz
2016-05-01 22:47:21,284 - Koniec tworzenia Quizu z konsoli: Moj pierwszy Quiz
2016-05-01 23:19:06,335 - Koniec tworzenia Quizu z konsoli: Moj pierwszy Quiz
2016-05-01 23:19:45,581 - Koniec tworzenia Quizu z pliku: Moj pierwszy Quiz
2016-05-01 23:19:45,835 - Koniec tworzenia Quizu z pliku: Moj pierwszy Quiz
2016-05-01 23:19:45,868 - Koniec tworzenia Quizu z konsoli: Moj pierwszy Quiz
2016-05-01 23:20:11,867 - Koniec tworzenia Quizu z pliku: Moj pierwszy Quiz
2016-05-01 23:20:12,120 - Koniec tworzenia Quizu z pliku: Moj pierwszy Quiz
2016-05-01 23:20:12,154 - Koniec tworzenia Quizu z konsoli: Moj pierwszy Quiz
2016-05-02 02:06:17,522 - Koniec tworzenia Quizu z pliku: Moj pierwszy Quiz
2016-05-02 02:06:17,762 - Koniec tworzenia Quizu z pliku: Moj pierwszy Quiz
2016-05-02 02:06:17,812 - Koniec tworzenia Quizu z konsoli: Moj pierwszy Quiz
2016-05-02 02:08:07,624 - Koniec tworzenia Quizu z pliku: Moj pierwszy Quiz
2016-05-02 02:08:07,864 - Koniec tworzenia Quizu z pliku: Moj pierwszy Quiz
2016-05-02 02:08:07,913 - Koniec tworzenia Quizu z konsoli: Moj pierwszy Quiz
2016-05-02 02:09:03,964 - Koniec tworzenia Quizu z pliku: Moj pierwszy Quiz
2016-05-02 02:09:04,208 - Koniec tworzenia Quizu z pliku: Moj pierwszy Quiz
2016-05-02 02:09:04,257 - Koniec tworzenia Quizu z konsoli: Moj pierwszy Quiz
2016-05-02 02:18:28,407 - Koniec tworzenia Quizu z pliku: Moj pierwszy Quiz
2016-05-02 02:18:28,652 - Koniec tworzenia Quizu z pliku: Moj pierwszy Quiz
2016-05-02 02:18:28,701 - Koniec tworzenia Quizu z konsoli: Moj pierwszy Quiz
2016-05-02 02:18:50,794 - Koniec tworzenia Quizu z pliku: Moj pierwszy Quiz
2016-05-02 02:18:51,048 - Koniec tworzenia Quizu z pliku: Moj pierwszy Quiz
2016-05-02 02:18:51,098 - Koniec tworzenia Quizu z konsoli: Moj pierwszy Quiz
2016-05-02 09:01:14,065 - Koniec tworzenia Quizu z pliku: Moj pierwszy Quiz
2016-05-02 09:01:15,199 - Koniec tworzenia Quizu z pliku: Moj pierwszy Quiz
2016-05-02 09:01:15,227 - Koniec tworzenia Quizu z konsoli: Moj pierwszy Quiz
2016-05-02 09:01:19,441 - Koniec tworzenia Quizu z pliku: Moj pierwszy Quiz
2016-05-02 09:01:20,097 - Koniec tworzenia Quizu z pliku: Moj pierwszy Quiz
2016-05-02 09:01:20,155 - Koniec tworzenia Quizu z konsoli: Moj pierwszy Quiz
2016-05-02 09:26:36,773 - Koniec tworzenia Quizu z pliku: Moj pierwszy Quiz
2016-05-02 09:26:37,724 - Koniec tworzenia Quizu z pliku: Moj pierwszy Quiz
2016-05-02 09:26:37,736 - Koniec tworzenia Quizu z konsoli: Moj pierwszy Quiz
2016-05-02 09:40:11,600 - Koniec tworzenia Quizu z pliku: Moj pierwszy Quiz
2016-05-02 09:40:12,339 - Koniec tworzenia Quizu z pliku: Moj pierwszy Quiz
2016-05-02 09:40:12,356 - Koniec tworzenia Quizu z konsoli: Moj pierwszy Quiz
2016-05-02 09:41:08,464 - Koniec tworzenia Quizu z pliku: Moj pierwszy Quiz
2016-05-02 09:41:09,016 - Koniec tworzenia Quizu z pliku: Moj pierwszy Quiz
2016-05-02 09:41:09,024 - Koniec tworzenia Quizu z konsoli: Moj pierwszy Quiz
2016-05-02 09:43:31,362 - Koniec tworzenia Quizu z pliku: Moj pierwszy Quiz
2016-05-02 09:43:32,755 - Koniec tworzenia Quizu z pliku: Moj pierwszy Quiz
2016-05-02 09:43:32,782 - Koniec tworzenia Quizu z konsoli: Moj pierwszy Quiz
2016-05-02 09:49:04,817 - Koniec tworzenia Quizu z pliku: Moj pierwszy Quiz
2016-05-02 09:49:05,522 - Koniec tworzenia Quizu z pliku: Moj pierwszy Quiz
2016-05-02 09:49:05,544 - Koniec tworzenia Quizu z konsoli: Moj pierwszy Quiz
2016-05-02 10:30:53,317 - Koniec tworzenia Quizu z pliku: Moj pierwszy Quiz
2016-05-02 10:30:53,949 - Koniec tworzenia Quizu z pliku: Moj pierwszy Quiz
2016-05-02 10:30:53,968 - Koniec tworzenia Quizu z konsoli: Moj pierwszy Quiz
2016-05-02 10:35:28,221 - Koniec tworzenia Quizu z pliku: Moj pierwszy Quiz
2016-05-02 10:40:25,928 - Koniec tworzenia Quizu z pliku: Moj pierwszy Quiz
2016-05-02 10:40:26,247 - Koniec tworzenia Quizu z pliku: Moj pierwszy Quiz
2016-05-02 10:40:26,260 - Koniec tworzenia Quizu z konsoli: Moj pierwszy Quiz
2016-05-02 10:54:18,957 - Koniec tworzenia Quizu z pliku: Moj pierwszy Quiz
2016-05-02 10:54:19,602 - Koniec tworzenia Quizu z pliku: Moj pierwszy Quiz
2016-05-02 10:54:19,633 - Koniec tworzenia Quizu z konsoli: Moj pierwszy Quiz
2016-05-02 11:46:17,680 - Koniec tworzenia Quizu z pliku: Moj pierwszy Quiz
2016-05-02 11:46:19,179 - Koniec tworzenia Quizu z pliku: Moj pierwszy Quiz
2016-05-02 11:46:19,193 - Koniec tworzenia Quizu z konsoli: Moj pierwszy Quiz
2016-05-02 11:48:04,053 - Koniec tworzenia Quizu z pliku: Moj pierwszy Quiz
2016-05-02 11:48:05,166 - Koniec tworzenia Quizu z pliku: Moj pierwszy Quiz
2016-05-02 11:48:05,193 - Koniec tworzenia Quizu z konsoli: Moj pierwszy Quiz
2016-05-02 11:50:05,068 - Koniec tworzenia Quizu z pliku: Moj pierwszy Quiz
2016-05-02 11:50:06,075 - Koniec tworzenia Quizu z pliku: Moj pierwszy Quiz
2016-05-02 11:50:06,089 - Koniec tworzenia Quizu z konsoli: Moj pierwszy Quiz
2016-05-02 15:35:45,837 - Koniec tworzenia Quizu z pliku: Moj pierwszy Quiz
2016-05-02 15:35:46,672 - Koniec tworzenia Quizu z pliku: Moj pierwszy Quiz
2016-05-02 15:35:46,682 - Koniec tworzenia Quizu z konsoli: Moj pierwszy Quiz
2016-05-02 15:45:15,123 - Koniec tworzenia Quizu z pliku: Moj pierwszy Quiz
2016-05-02 15:45:15,476 - Koniec tworzenia Quizu z pliku: Moj pierwszy Quiz
2016-05-02 15:45:15,483 - Koniec tworzenia Quizu z konsoli: Moj pierwszy Quiz
2016-05-02 15:45:26,001 - Koniec tworzenia Quizu z pliku: Moj pierwszy Quiz
2016-05-02 15:45:26,369 - Koniec tworzenia Quizu z pliku: Moj pierwszy Quiz
2016-05-02 15:45:26,376 - Koniec tworzenia Quizu z konsoli: Moj pierwszy Quiz
2016-05-02 15:49:07,075 - Koniec tworzenia Quizu z pliku: Moj pierwszy Quiz
2016-05-02 15:49:07,444 - Koniec tworzenia Quizu z pliku: Moj pierwszy Quiz
2016-05-02 15:49:07,449 - Koniec tworzenia Quizu z konsoli: Moj pierwszy Quiz
2016-05-02 15:49:11,333 - Koniec tworzenia Quizu z pliku: Moj pierwszy Quiz
2016-05-02 15:49:11,706 - Koniec tworzenia Quizu z pliku: Moj pierwszy Quiz
2016-05-02 15:49:11,717 - Koniec tworzenia Quizu z konsoli: Moj pierwszy Quiz
2016-05-02 15:51:28,462 - Koniec tworzenia Quizu z pliku: Moj pierwszy Quiz
2016-05-02 15:51:28,788 - Koniec tworzenia Quizu z pliku: Moj pierwszy Quiz
2016-05-02 15:51:28,795 - Koniec tworzenia Quizu z konsoli: Moj pierwszy Quiz
2016-05-02 15:51:33,125 - Koniec tworzenia Quizu z pliku: Moj pierwszy Quiz
2016-05-02 15:51:33,485 - Koniec tworzenia Quizu z pliku: Moj pierwszy Quiz
2016-05-02 15:51:33,491 - Koniec tworzenia Quizu z konsoli: Moj pierwszy Quiz
2016-05-02 15:52:09,729 - Koniec tworzenia Quizu z pliku: Moj pierwszy Quiz
2016-05-02 15:52:10,068 - Koniec tworzenia Quizu z pliku: Moj pierwszy Quiz
2016-05-02 15:52:10,073 - Koniec tworzenia Quizu z konsoli: Moj pierwszy Quiz
2016-05-02 15:52:14,508 - Koniec tworzenia Quizu z pliku: Moj pierwszy Quiz
2016-05-02 15:52:14,868 - Koniec tworzenia Quizu z pliku: Moj pierwszy Quiz
2016-05-02 15:52:14,879 - Koniec tworzenia Quizu z konsoli: Moj pierwszy Quiz
2016-05-02 15:59:34,592 - Koniec tworzenia Quizu z pliku: Moj pierwszy Quiz
2016-05-02 15:59:34,925 - Koniec tworzenia Quizu z pliku: Moj pierwszy Quiz
2016-05-02 15:59:34,933 - Koniec tworzenia Quizu z konsoli: Moj pierwszy Quiz
2016-05-02 15:59:38,560 - Koniec tworzenia Quizu z pliku: Moj pierwszy Quiz
2016-05-02 15:59:38,900 - Koniec tworzenia Quizu z pliku: Moj pierwszy Quiz
2016-05-02 15:59:38,905 - Koniec tworzenia Quizu z konsoli: Moj pierwszy Quiz
2016-05-02 16:02:34,555 - Koniec tworzenia Quizu z pliku: Moj pierwszy Quiz
2016-05-02 16:02:35,027 - Koniec tworzenia Quizu z pliku: Moj pierwszy Quiz
2016-05-02 16:02:35,041 - Koniec tworzenia Quizu z konsoli: Moj pierwszy Quiz
2016-05-02 16:04:48,464 - Koniec tworzenia Quizu z pliku: Moj pierwszy Quiz
2016-05-02 16:04:49,103 - Koniec tworzenia Quizu z pliku: Moj pierwszy Quiz
2016-05-02 16:04:49,121 - Koniec tworzenia Quizu z konsoli: Moj pierwszy Quiz
2016-05-03 23:21:35,612 - Koniec tworzenia Quizu z pliku: Moj pierwszy Quiz
2016-05-03 23:22:21,470 - Koniec tworzenia Quizu z pliku: Moj pierwszy Quiz
2016-05-03 23:25:23,700 - Koniec tworzenia Quizu z pliku: Moj pierwszy Quiz
2016-05-03 23:26:30,698 - Koniec tworzenia Quizu z pliku: Moj pierwszy Quiz
2016-05-03 23:27:20,199 - Koniec tworzenia Quizu z pliku: Moj pierwszy Quiz
2016-05-03 23:27:31,973 - Koniec tworzenia Quizu z pliku: Moj pierwszy Quiz
2016-05-03 23:28:49,899 - Koniec tworzenia Quizu z pliku: Moj pierwszy Quiz
2016-05-03 23:38:12,821 - Koniec tworzenia Quizu z pliku: Moj pierwszy Quiz
2016-05-03 23:38:29,254 - Koniec tworzenia Quizu z pliku: Moj pierwszy Quiz
2016-05-03 23:46:51,656 - Koniec tworzenia Quizu z pliku: Moj pierwszy Quiz
2016-05-03 23:48:44,095 - Koniec tworzenia Quizu z pliku: Moj pierwszy Quiz
2016-05-03 23:49:05,573 - Koniec tworzenia Quizu z pliku: Moj pierwszy Quiz
2016-05-03 23:50:12,779 - Koniec tworzenia Quizu z pliku: Moj pierwszy Quiz
2016-05-03 23:51:45,299 - Koniec tworzenia Quizu z pliku: Moj pierwszy Quiz
2016-05-03 23:52:57,143 - Koniec tworzenia Quizu z pliku: Moj pierwszy Quiz
2016-05-03 23:54:21,839 - Koniec tworzenia Quizu z pliku: Moj pierwszy Quiz
2016-05-03 23:55:18,316 - Koniec tworzenia Quizu z pliku: Moj pierwszy Quiz
2016-05-03 23:55:27,815 - Koniec tworzenia Quizu z pliku: Moj pierwszy Quiz
2016-05-04 00:02:54,922 - Koniec tworzenia Quizu z pliku: Moj pierwszy Quiz
2016-05-04 00:03:56,382 - Koniec tworzenia Quizu z pliku: Moj pierwszy Quiz
2016-05-04 00:05:10,608 - Koniec tworzenia Quizu z pliku: Moj pierwszy Quiz
2016-05-04 00:06:22,501 - Koniec tworzenia Quizu z pliku: Moj pierwszy Quiz
2016-05-04 00:06:43,332 - Koniec tworzenia Quizu z pliku: Moj pierwszy Quiz
2016-05-04 00:12:17,946 - Koniec tworzenia Quizu z pliku: Moj pierwszy Quiz
2016-05-04 00:12:28,858 - Koniec tworzenia Quizu z pliku: Moj pierwszy Quiz
2016-05-04 00:13:44,576 - Koniec tworzenia Quizu z pliku: Moj pierwszy Quiz
2016-05-04 00:13:44,852 - Koniec tworzenia Quizu z pliku: Moj pierwszy Quiz
2016-05-04 00:13:44,894 - Koniec tworzenia Quizu z konsoli: Moj pierwszy Quiz
2016-05-04 00:13:46,645 - Koniec tworzenia Quizu z pliku: Moj pierwszy Quiz
2016-05-04 00:13:46,873 - Koniec tworzenia Quizu z pliku: Moj pierwszy Quiz
2016-05-04 00:13:46,982 - Koniec tworzenia Quizu z konsoli: Moj pierwszy Quiz
2016-05-04 00:25:50,763 - Koniec tworzenia Quizu z pliku: Moj pierwszy Quiz
2016-05-04 00:26:42,646 - Koniec tworzenia Quizu z pliku: Moj pierwszy Quiz
2016-05-04 00:28:06,826 - Koniec tworzenia Quizu z pliku: Moj pierwszy Quiz
2016-05-04 00:31:30,830 - Koniec tworzenia Quizu z pliku: Moj pierwszy Quiz
2016-05-04 00:32:00,962 - Koniec tworzenia Quizu z pliku: Moj pierwszy Quiz
2016-05-04 00:35:22,053 - Koniec tworzenia Quizu z pliku: Moj pierwszy Quiz
2016-05-04 00:37:28,159 - Koniec tworzenia Quizu z pliku: Moj pierwszy Quiz
2016-05-04 00:38:13,131 - Dodana odpowiedź: pierwsza
2016-05-04 00:38:18,332 - Dodana odpowiedź: t
2016-05-04 00:38:18,567 - Dodane pytanie: ytae
2016-05-04 00:40:35,766 - Koniec tworzenia Quizu z pliku: Moj pierwszy Quiz
2016-05-04 00:43:17,367 - Koniec tworzenia Quizu z pliku: Moj pierwszy Quiz
2016-05-04 11:15:26,474 - Koniec tworzenia Quizu z pliku: Moj pierwszy Quiz
2016-05-04 11:15:59,792 - Koniec tworzenia Quizu z pliku: Moj pierwszy Quiz
2016-05-04 11:16:25,646 - Koniec tworzenia Quizu z pliku: Moj pierwszy Quiz
2016-05-04 11:23:05,413 - Koniec tworzenia Quizu z pliku: Moj pierwszy Quiz
2016-05-04 11:37:41,166 - Koniec tworzenia Quizu z pliku: Moj pierwszy Quiz
2016-05-04 11:38:12,358 - Koniec tworzenia Quizu z pliku: Moj pierwszy Quiz
2016-05-04 11:42:32,784 - Koniec tworzenia Quizu z pliku: Moj pierwszy Quiz
2016-05-04 11:45:07,310 - Koniec tworzenia Quizu z pliku: Moj pierwszy Quiz
2016-05-04 11:45:47,587 - Koniec tworzenia Quizu z pliku: Moj pierwszy Quiz
2016-05-04 11:46:24,659 - Dodana odpowiedź: odpowiedz1
2016-05-04 11:46:32,745 - Dodana odpowiedź: odpwoedz2
2016-05-04 11:46:32,786 - Dodane pytanie: pytanko
2016-05-04 11:48:41,266 - Koniec tworzenia Quizu z pliku: Moj pierwszy Quiz
2016-05-04 11:52:28,609 - Dodana odpowiedź: odpo1
2016-05-04 11:52:34,851 - Dodana odpowiedź: odpo2
2016-05-04 11:52:34,886 - Dodane pytanie: Pytanko
2016-05-04 11:56:29,393 - Dodana odpowiedź: lolo1
2016-05-04 11:56:34,435 - Dodana odpowiedź: lolo2
2016-05-04 11:56:34,488 - Dodane pytanie: lolo
2016-05-04 12:01:21,959 - Dodana odpowiedź: mama1
2016-05-04 12:01:28,209 - Dodana odpowiedź: mamama3
2016-05-04 12:01:28,247 - Dodane pytanie: mamama
2016-05-04 12:01:28,252 - Koniec tworzenia Quizu z konsoli: Moj pierwszy Quiz
2016-05-04 12:05:44,451 - Dodana odpowiedź: roror1
2016-05-04 12:05:50,663 - Dodana odpowiedź: roror2
2016-05-04 12:05:50,735 - Dodane pytanie: rororo
2016-05-04 12:05:50,739 - Koniec tworzenia Quizu z konsoli: Moj pierwszy Quiz
2016-05-04 12:12:16,473 - Dodana odpowiedź: tt1
2016-05-04 12:12:20,147 - Dodana odpowiedź: tt3
2016-05-04 12:12:20,203 - Dodane pytanie: ttttt
2016-05-04 12:12:20,237 - Koniec tworzenia Quizu z konsoli: Moj pierwszy Quiz
2016-05-04 12:19:48,290 - Dodana odpowiedź: ewwewe
2016-05-04 12:19:48,372 - Dodane pytanie: eweweweww
2016-05-04 12:21:02,441 - Dodana odpowiedź: dd1
2016-05-04 12:21:05,764 - Dodana odpowiedź: dd2
2016-05-04 12:21:05,831 - Dodane pytanie: ddddd
2016-05-04 12:21:05,869 - Koniec tworzenia Quizu z konsoli: Moj pierwszy Quiz
2016-05-04 13:08:39,245 - Dodana odpowiedź: moje1
2016-05-04 13:09:08,110 - Dodana odpowiedź: moje1
2016-05-04 13:09:22,670 - Dodana odpowiedź: moje2
2016-05-04 13:09:22,711 - Dodane pytanie: moje
2016-05-04 13:09:22,745 - Koniec tworzenia Quizu z konsoli: Moj pierwszy Quiz
2016-05-04 13:17:43,896 - Dodana odpowiedź: www1
2016-05-04 13:17:43,940 - Dodane pytanie: wwww
2016-05-04 13:17:43,959 - Koniec tworzenia Quizu z konsoli: Moj pierwszy Quiz
2016-05-04 13:39:18,412 - Dodana odpowiedź: moje1
2016-05-04 13:39:24,674 - Dodana odpowiedź: moje2
2016-05-04 13:39:24,754 - Dodane pytanie: moje
2016-05-04 13:39:24,776 - Koniec tworzenia Quizu z konsoli: Moj pierwszy Quiz
2016-05-04 14:13:55,857 - Dodana odpowiedź: odp1
2016-05-04 14:14:04,488 - Dodana odpowiedź: pyt2
2016-05-04 14:15:39,568 - Dodana odpowiedź: odp21
2016-05-04 14:15:47,204 - Dodana odpowiedź: odp22
2016-05-04 14:18:14,331 - Dodana odpowiedź: odp1
2016-05-04 14:18:17,856 - Dodana odpowiedź: odp2
2016-05-04 14:18:17,951 - Dodane pytanie: pyt
2016-05-04 14:18:17,981 - Koniec tworzenia Quizu z konsoli: Moj pierwszy Quiz
2016-05-04 14:20:17,268 - Dodana odpowiedź: ppp1
2016-05-04 14:20:23,266 - Dodana odpowiedź: ppp2
2016-05-04 14:20:23,351 - Dodane pytanie: ppp
2016-05-04 14:20:23,361 - Koniec tworzenia Quizu z konsoli: Moj pierwszy Quiz
2016-05-04 14:23:41,215 - Dodana odpowiedź: zzz1
2016-05-04 14:23:47,161 - Dodana odpowiedź: zzz2
2016-05-04 14:23:47,196 - Dodane pytanie: zzz
2016-05-04 14:24:35,768 - Dodana odpowiedź: 3
2016-05-04 14:24:35,797 - Dodane pytanie: ew
2016-05-04 14:27:00,667 - Dodana odpowiedź: lolo3
2016-05-04 14:27:05,868 - Dodana odpowiedź: lolo4
2016-05-04 14:27:05,893 - Dodane pytanie: lolo
2016-05-04 14:28:51,915 - Dodana odpowiedź: 3
2016-05-04 14:28:51,951 - Dodane pytanie: llplp
2016-05-04 14:31:19,073 - Dodana odpowiedź: koko1
2016-05-04 14:31:19,131 - Dodane pytanie: koko
2016-05-04 14:31:19,134 - Koniec tworzenia Quizu z konsoli: Moj pierwszy Quiz
2016-05-04 16:04:08,289 - Dodana odpowiedź: pierwsza1
2016-05-04 16:04:15,352 - Dodana odpowiedź: pierwsza2
2016-05-04 16:04:15,528 - Dodane pytanie: Pierwsze
2016-05-04 16:04:21,462 - Koniec tworzenia Quizu z konsoli: null
2016-05-05 13:07:00,843 - Dodana odpowiedź: rere1
2016-05-05 13:07:00,911 - Dodane pytanie: rere
2016-05-05 13:07:06,696 - Koniec tworzenia Quizu z konsoli: null
2016-05-05 14:49:34,120 - Koniec tworzenia Quizu z pliku: null
2016-05-05 14:52:24,101 - Dodana odpowiedź: odp1
2016-05-05 15:28:54,011 - Koniec tworzenia Quizu z konsoli: 2
2016-05-05 15:35:20,671 - Koniec tworzenia Quizu z konsoli: PierwszoNowy
2016-05-05 15:38:42,382 - Koniec tworzenia Quizu z konsoli: wewe
2016-05-05 15:42:11,230 - Koniec tworzenia Quizu z konsoli: e
2016-05-07 22:53:23,675 - Koniec tworzenia Quizu z pliku: null
2016-05-07 22:53:51,651 - Koniec tworzenia Quizu z pliku: null
2016-05-07 22:59:22,093 - Koniec tworzenia Quizu z pliku: null
2016-05-07 23:00:21,980 - Koniec tworzenia Quizu z konsoli: Nowy
2016-05-07 23:01:38,716 - Koniec tworzenia Quizu z konsoli: nowy
2016-05-07 23:09:55,608 - Koniec tworzenia Quizu z konsoli: nowa
2016-05-07 23:20:51,052 - Koniec tworzenia Quizu z pliku: null
2016-05-07 23:23:11,766 - Koniec tworzenia Quizu z pliku: null
2016-05-07 23:46:00,193 - Koniec tworzenia Quizu z pliku: null
2016-05-07 23:53:28,045 - Dodana odpowiedź: 3232
2016-05-07 23:58:19,874 - Dodana odpowiedź: rerer
2016-05-08 00:05:06,241 - Dodana odpowiedź: pierwsza
2016-05-08 00:08:02,939 - Dodana odpowiedź: PIerzx
2016-05-08 00:11:52,220 - Dodana odpowiedź: 312sdsd
2016-05-08 00:15:45,184 - Dodana odpowiedź: rwe
2016-05-08 00:20:00,332 - Dodana odpowiedź: ew
2016-05-08 14:50:16,322 - Koniec tworzenia Quizu z pliku: null
2016-05-08 14:56:53,215 - Dodana odpowiedź: nowa
2016-05-08 15:07:01,206 - Dodana odpowiedź: ds
2016-05-08 15:10:13,501 - Dodana odpowiedź: odpowiedx nowa1
2016-05-08 15:17:56,223 - Dodana odpowiedź: ew
2016-05-08 15:17:56,373 - Dodane pytanie: w
2016-05-08 15:40:46,163 - Dodana odpowiedź: 32
2016-05-08 15:46:23,086 - Dodana odpowiedź: 3
2016-05-08 15:46:23,292 - Dodane pytanie: 1
2016-05-08 15:46:23,327 - Koniec tworzenia Quizu z konsoli: ds
2016-05-08 16:21:26,470 - Dodana odpowiedź: 2
2016-05-08 16:21:26,817 - Dodane pytanie: sa
2016-05-08 16:21:41,197 - Dodana odpowiedź: 32
2016-05-08 16:25:15,103 - Dodana odpowiedź: ew
2016-05-08 16:25:15,266 - Dodane pytanie: pytanie
2016-05-08 16:25:15,374 - Koniec tworzenia Quizu z konsoli: nazwa
2016-05-08 16:29:27,114 - Dodana odpowiedź: ew
2016-05-08 16:29:27,298 - Dodane pytanie: ds
2016-05-08 16:29:27,424 - Koniec tworzenia Quizu z konsoli: dsds
2016-05-08 16:33:25,532 - Dodana odpowiedź: 1
2016-05-08 16:33:27,852 - Dodana odpowiedź: 
2016-05-08 16:33:28,107 - Dodane pytanie: 1
2016-05-08 16:33:35,371 - Dodana odpowiedź: 1
2016-05-08 16:33:35,582 - Dodane pytanie: 2
2016-05-08 16:33:35,649 - Koniec tworzenia Quizu z konsoli: 1
2016-05-08 16:53:57,739 - Dodana odpowiedź: 23
2016-05-08 16:55:39,452 - Dodana odpowiedź: 
2016-05-08 16:55:47,572 - Dodana odpowiedź: 
2016-05-08 16:55:47,983 - Dodane pytanie: 32
2016-05-08 16:55:48,025 - Koniec tworzenia Quizu z konsoli: nowy
2016-05-08 17:01:31,912 - Dodana odpowiedź: ew
2016-05-08 17:01:32,078 - Dodane pytanie: ew
2016-05-08 17:01:32,112 - Koniec tworzenia Quizu z konsoli: dsdsds
2016-05-08 17:05:16,295 - Dodana odpowiedź: we
2016-05-08 17:05:16,536 - Dodane pytanie: sa
2016-05-08 17:05:16,645 - Koniec tworzenia Quizu z konsoli: nazwa
2016-05-08 17:21:27,357 - Dodana odpowiedź: 211
2016-05-08 17:21:27,628 - Dodane pytanie: 21
2016-05-08 17:21:27,753 - Koniec tworzenia Quizu z konsoli: wqwqw
2016-05-08 19:46:21,639 - Dodana odpowiedź: ewew
2016-05-08 19:46:28,013 - Dodana odpowiedź: 
2016-05-08 19:46:28,242 - Dodane pytanie: ewewewewewew
2016-05-08 19:46:28,376 - Koniec tworzenia Quizu z konsoli: 2
2016-05-08 19:50:54,100 - Dodana odpowiedź: poop
2016-05-08 19:50:54,279 - Dodane pytanie: popopo
2016-05-08 19:50:54,404 - Koniec tworzenia Quizu z konsoli: popopp
2016-05-08 21:23:15,744 - Dodana odpowiedź: popo
2016-05-08 21:23:18,218 - Dodana odpowiedź: 
2016-05-08 21:23:18,456 - Dodane pytanie: pytanie moje
2016-05-08 21:23:18,557 - Koniec tworzenia Quizu z konsoli: moj
2016-05-08 21:28:35,635 - Dodana odpowiedź: re
2016-05-08 21:28:39,067 - Dodana odpowiedź: 
2016-05-08 21:28:39,292 - Dodane pytanie: ew
2016-05-08 21:28:39,409 - Koniec tworzenia Quizu z konsoli: nowy
2016-05-08 22:07:12,715 - Dodana odpowiedź: 32
2016-05-08 22:07:14,794 - Dodana odpowiedź: 
2016-05-08 22:07:15,086 - Dodane pytanie: wq
2016-05-08 22:07:15,187 - Koniec tworzenia Quizu z konsoli: nowszy
2016-05-08 22:09:56,593 - Dodana odpowiedź: dsdsdsds
2016-05-08 22:10:06,271 - Dodana odpowiedź: 
2016-05-08 22:10:06,658 - Dodane pytanie: dsdsds
2016-05-08 22:10:06,758 - Koniec tworzenia Quizu z konsoli: dsds
2016-05-08 22:13:32,550 - Dodana odpowiedź: ewew
2016-05-08 22:13:38,259 - Dodana odpowiedź: 
2016-05-08 22:13:38,549 - Dodane pytanie: ewewewewew
2016-05-08 22:13:38,741 - Koniec tworzenia Quizu z konsoli: ewewew
2016-05-08 22:15:44,088 - Dodana odpowiedź: popopop
2016-05-08 22:15:44,433 - Dodane pytanie: popopop
2016-05-08 22:15:44,644 - Koniec tworzenia Quizu z konsoli: popo
2016-05-08 22:22:30,174 - Dodana odpowiedź: lolololo
2016-05-08 22:22:37,373 - Dodana odpowiedź: 
2016-05-08 22:22:37,668 - Dodane pytanie: lolo?
2016-05-08 22:22:37,776 - Koniec tworzenia Quizu z konsoli: lolo
2016-05-08 22:24:27,894 - Dodana odpowiedź: wpwppw
2016-05-08 22:24:31,695 - Dodana odpowiedź: 
2016-05-08 22:24:31,992 - Dodane pytanie: wpwp
2016-05-08 22:24:32,117 - Koniec tworzenia Quizu z konsoli: wpwpwpw
2016-05-08 23:51:37,004 - Dodana odpowiedź: popo
2016-05-08 23:51:39,755 - Dodana odpowiedź: 
2016-05-08 23:51:40,044 - Dodane pytanie: puyanko
2016-05-08 23:51:40,161 - Koniec tworzenia Quizu z konsoli: pierwszy
2016-05-09 00:00:37,726 - Dodana odpowiedź: roror
2016-05-09 00:00:37,868 - Dodane pytanie: roror
2016-05-09 00:00:37,936 - Koniec tworzenia Quizu z konsoli: roror
2016-05-09 00:06:45,358 - Dodana odpowiedź: klklkl
2016-05-09 00:06:50,110 - Dodana odpowiedź: 
2016-05-09 00:06:50,452 - Dodane pytanie: klkl
2016-05-09 00:06:50,519 - Koniec tworzenia Quizu z konsoli: lklkllkl
2016-05-09 00:08:22,040 - Dodana odpowiedź: weq
2016-05-09 00:08:22,206 - Dodane pytanie: ewee
2016-05-09 00:08:22,315 - Koniec tworzenia Quizu z konsoli: ewew
2016-05-09 00:11:15,834 - Dodana odpowiedź: wq
2016-05-09 00:11:16,351 - Dodane pytanie: ds
2016-05-09 00:11:16,477 - Koniec tworzenia Quizu z konsoli: ewew
2016-05-09 00:13:36,211 - Dodana odpowiedź: ds
2016-05-09 00:13:36,368 - Dodane pytanie: ds
2016-05-09 00:13:36,443 - Koniec tworzenia Quizu z konsoli: ds
2016-05-09 00:14:42,476 - Dodana odpowiedź: wqwq
2016-05-09 00:14:42,730 - Dodane pytanie: sasa
2016-05-09 00:14:42,847 - Koniec tworzenia Quizu z konsoli: wqwqw
2016-05-09 00:18:19,638 - Dodana odpowiedź: rere
2016-05-09 00:18:19,794 - Dodane pytanie: dfdfd
2016-05-09 00:18:19,894 - Koniec tworzenia Quizu z konsoli: fdfdf
2016-05-09 00:29:01,929 - Dodana odpowiedź: cvcvcv
2016-05-09 00:29:02,075 - Dodane pytanie: vcvcvc
2016-05-09 00:29:02,142 - Koniec tworzenia Quizu z konsoli: vcvcvv
2016-05-09 00:33:32,194 - Dodana odpowiedź: dsd
2016-05-09 00:33:32,459 - Dodane pytanie: ds
2016-05-09 00:33:51,538 - Dodana odpowiedź: 1
2016-05-09 00:33:51,682 - Dodane pytanie: 
2016-05-09 00:33:51,749 - Koniec tworzenia Quizu z konsoli: dsdsds
2016-05-09 00:35:56,229 - Dodana odpowiedź: ew
2016-05-09 00:35:56,710 - Dodane pytanie: ds
2016-05-09 00:35:56,895 - Koniec tworzenia Quizu z konsoli: dsd
2016-05-09 00:39:08,081 - Koniec tworzenia Quizu z pliku: null
2016-05-09 00:49:18,476 - Dodana odpowiedź: re
2016-05-09 00:49:18,746 - Dodane pytanie: ds
2016-05-09 00:49:18,871 - Koniec tworzenia Quizu z konsoli: dsds
